d:\crazytanksnew\debug\vc141.pdb
d:\crazytanksnew\debug\vc141.idb
d:\crazytanksnew\debug\wall.obj
d:\crazytanksnew\debug\time.obj
d:\crazytanksnew\debug\player.obj
d:\crazytanksnew\debug\gold.obj
d:\crazytanksnew\debug\field.obj
d:\crazytanksnew\debug\enemy.obj
d:\crazytanksnew\debug\crazytanks.obj
d:\crazytanksnew\debug\bullet.obj
d:\crazytanksnew - копия\debug\vc141.pdb
d:\crazytanksnew - копия\debug\vc141.idb
d:\crazytanksnew - копия\debug\wall.obj
d:\crazytanksnew - копия\debug\time.obj
d:\crazytanksnew - копия\debug\player.obj
d:\crazytanksnew - копия\debug\gold.obj
d:\crazytanksnew - копия\debug\enemy.obj
d:\crazytanksnew - копия\debug\crazytanks.obj
d:\crazytanksnew - копия\debug\bullet.obj
d:\crazytanksnew - копия\debug\field.obj
d:\crazytanksnew\debug\crazytanks.exe
d:\crazytanksnew\debug\crazytanks.ilk
d:\crazytanksnew\debug\crazytanks.pdb
d:\crazytanksnew - копия\debug\crazytanks.exe
d:\crazytanksnew - копия\debug\crazytanks.ilk
d:\crazytanksnew - копия\debug\crazytanks.pdb
d:\crazytanksnew - копия\debug\crazytanks.tlog\cl.command.1.tlog
d:\crazytanksnew - копия\debug\crazytanks.tlog\cl.read.1.tlog
d:\crazytanksnew - копия\debug\crazytanks.tlog\cl.write.1.tlog
d:\crazytanksnew - копия\debug\crazytanks.tlog\link.command.1.tlog
d:\crazytanksnew - копия\debug\crazytanks.tlog\link.read.1.tlog
d:\crazytanksnew - копия\debug\crazytanks.tlog\link.write.1.tlog
